#
# There is insufficient memory for the Java Runtime Environment to continue.
# Native memory allocation (malloc) failed to allocate 1321936 bytes for Chunk::new
# Possible reasons:
#   The system is out of physical RAM or swap space
#   The process is running with CompressedOops enabled, and the Java Heap may be blocking the growth of the native heap
# Possible solutions:
#   Reduce memory load on the system
#   Increase physical memory or swap space
#   Check if swap backing store is full
#   Decrease Java heap size (-Xmx/-Xms)
#   Decrease number of Java threads
#   Decrease Java thread stack sizes (-Xss)
#   Set larger code cache with -XX:ReservedCodeCacheSize=
#   JVM is running with Unscaled Compressed Oops mode in which the Java heap is
#     placed in the first 4GB address space. The Java Heap base address is the
#     maximum limit for the native heap growth. Please use -XX:HeapBaseMinAddress
#     to set the Java Heap base and to place the Java Heap above 4GB virtual address.
# This output file may be truncated or incomplete.
#
#  Out of Memory Error (allocation.cpp:389), pid=8360, tid=0x00000000000005a4
#
# JRE version: Java(TM) SE Runtime Environment (8.0_261-b12) (build 1.8.0_261-b12)
# Java VM: Java HotSpot(TM) 64-Bit Server VM (25.261-b12 mixed mode windows-amd64 compressed oops)
# Failed to write core dump. Minidumps are not enabled by default on client versions of Windows
#

---------------  T H R E A D  ---------------

Current thread (0x000001d151bee000):  JavaThread "C2 CompilerThread0" daemon [_thread_in_native, id=1444, stack(0x0000007b89000000,0x0000007b89100000)]

Stack: [0x0000007b89000000,0x0000007b89100000]
Native frames: (J=compiled Java code, j=interpreted, Vv=VM code, C=native code)
V  [jvm.dll+0x33e5f9]
V  [jvm.dll+0x2850e2]
V  [jvm.dll+0x285d8d]
V  [jvm.dll+0x27c895]
V  [jvm.dll+0xe4d6c]
V  [jvm.dll+0xe556c]
V  [jvm.dll+0x461812]
V  [jvm.dll+0x49cc3d]
V  [jvm.dll+0x4511ef]
V  [jvm.dll+0x44eb84]
V  [jvm.dll+0x439bc7]
V  [jvm.dll+0xbbbcb]
V  [jvm.dll+0xba22b]
V  [jvm.dll+0x24d962]
V  [jvm.dll+0x2a1cfc]
C  [ucrtbase.dll+0x21bb2]
C  [KERNEL32.DLL+0x17034]
C  [ntdll.dll+0x52651]


Current CompileTask:
C2:1919672 45976 %     4       com.android.tools.r8.ir.regalloc.a::a @ 2118 (3992 bytes)


---------------  P R O C E S S  ---------------

Java Threads: ( => current thread )
  0x000001d153550800 JavaThread "ForkJoinPool-64-worker-0" daemon [_thread_in_Java, id=8832, stack(0x0000007b8b700000,0x0000007b8b800000)]
  0x000001d153547000 JavaThread "ForkJoinPool-64-worker-1" daemon [_thread_in_Java, id=3788, stack(0x0000007b8a600000,0x0000007b8a700000)]
  0x000001d15f30f000 JavaThread "WorkerExecutor Queue Thread 4" [_thread_blocked, id=8324, stack(0x0000007b8b600000,0x0000007b8b700000)]
  0x000001d15f311800 JavaThread "stdout" [_thread_in_native, id=8332, stack(0x0000007b8b500000,0x0000007b8b600000)]
  0x000001d15f30e800 JavaThread "stderr" [_thread_in_native, id=14016, stack(0x0000007b8b400000,0x0000007b8b500000)]
  0x000001d15f307000 JavaThread "stdout" [_thread_in_native, id=8164, stack(0x0000007b8b200000,0x0000007b8b300000)]
  0x000001d15f30d800 JavaThread "stderr" [_thread_in_native, id=9228, stack(0x0000007b8b000000,0x0000007b8b100000)]
  0x000001d15f306000 JavaThread "pool-66-thread-1" [_thread_blocked, id=4456, stack(0x0000007b8ab00000,0x0000007b8ac00000)]
  0x000001d15bb4a800 JavaThread "RMI TCP Connection(idle)" daemon [_thread_blocked, id=10748, stack(0x0000007b8af00000,0x0000007b8b000000)]
  0x000001d15bb47800 JavaThread "RMI Reaper" [_thread_blocked, id=11688, stack(0x0000007b8ae00000,0x0000007b8af00000)]
  0x000001d15bb4d800 JavaThread "RMI TCP Accept-0" daemon [_thread_in_native, id=13212, stack(0x0000007b8ad00000,0x0000007b8ae00000)]
  0x000001d15bb48000 JavaThread "GC Daemon" daemon [_thread_blocked, id=13220, stack(0x0000007b8ac00000,0x0000007b8ad00000)]
  0x000001d15bb4c800 JavaThread "RMI Scheduler(0)" daemon [_thread_blocked, id=10988, stack(0x0000007b8aa00000,0x0000007b8ab00000)]
  0x000001d15bb40000 JavaThread "Cache worker for Java compile cache (C:\GMITS\live\mightyfirebasechat\android\.gradle\6.7\javaCompile)" [_thread_blocked, id=12820, stack(0x0000007b8a900000,0x0000007b8aa00000)]
  0x000001d15bb44800 JavaThread "Cache worker for Java compile cache (C:\Users\fenil\.gradle\caches\6.7\javaCompile)" [_thread_blocked, id=11652, stack(0x0000007b8a800000,0x0000007b8a900000)]
  0x000001d15bb46800 JavaThread "WorkerExecutor Queue Thread 2" [_thread_blocked, id=13068, stack(0x0000007b8a700000,0x0000007b8a800000)]
  0x000001d15c187000 JavaThread "Cache worker for execution history cache (C:\GMITS\live\mightyfirebasechat\android\.gradle\6.7\executionHistory)" [_thread_blocked, id=9780, stack(0x0000007b91f00000,0x0000007b92000000)]
  0x000001d15c188000 JavaThread "Execution worker for ':'" [_thread_blocked, id=9776, stack(0x0000007b91e00000,0x0000007b91f00000)]
  0x000001d152fd5000 JavaThread "Build operations Thread 2" [_thread_blocked, id=3700, stack(0x0000007b8a500000,0x0000007b8a600000)]
  0x000001d152fdb000 JavaThread "Build operations" [_thread_blocked, id=5088, stack(0x0000007b8a400000,0x0000007b8a500000)]
  0x000001d152fdb800 JavaThread "Cache worker for Build Output Cleanup Cache (C:\GMITS\live\mightyfirebasechat\android\.gradle\buildOutputCleanup)" [_thread_blocked, id=8172, stack(0x0000007b8a300000,0x0000007b8a400000)]
  0x000001d152fda000 JavaThread "Cache worker for cache directory md-rule (C:\Users\fenil\.gradle\caches\6.7\md-rule)" [_thread_blocked, id=5592, stack(0x0000007b89f00000,0x0000007b8a000000)]
  0x000001d152fd2800 JavaThread "Cache worker for cache directory md-supplier (C:\Users\fenil\.gradle\caches\6.7\md-supplier)" [_thread_blocked, id=8916, stack(0x0000007b89e00000,0x0000007b89f00000)]
  0x000001d152fd9800 JavaThread "Cache worker for checksums cache (C:\GMITS\live\mightyfirebasechat\android\.gradle\checksums)" [_thread_blocked, id=6388, stack(0x0000007b89d00000,0x0000007b89e00000)]
  0x000001d152fd8000 JavaThread "Cache worker for file hash cache (C:\GMITS\live\mightyfirebasechat\android\.gradle\6.7\fileHashes)" [_thread_blocked, id=8408, stack(0x0000007b89c00000,0x0000007b89d00000)]
  0x000001d152fd4000 JavaThread "Thread-279" [_thread_blocked, id=5972, stack(0x0000007b89b00000,0x0000007b89c00000)]
  0x000001d152fd8800 JavaThread "Asynchronous log dispatcher for DefaultDaemonConnection: socket connection from /127.0.0.1:49784 to /127.0.0.1:65477" [_thread_blocked, id=6020, stack(0x0000007b89800000,0x0000007b89900000)]
  0x000001d152fd3800 JavaThread "Daemon worker Thread 3" [_thread_blocked, id=792, stack(0x0000007b89600000,0x0000007b89700000)]
  0x000001d152fd2000 JavaThread "Cancel handler" [_thread_blocked, id=900, stack(0x0000007b89500000,0x0000007b89600000)]
  0x000001d152fd1000 JavaThread "Handler for socket connection from /127.0.0.1:49784 to /127.0.0.1:65477" [_thread_in_native, id=7916, stack(0x0000007b88700000,0x0000007b88800000)]
  0x000001d152fd0800 JavaThread "Daemon Thread 3" [_thread_blocked, id=8960, stack(0x0000007b88600000,0x0000007b88700000)]
  0x000001d153556000 JavaThread "Memory manager" [_thread_blocked, id=3444, stack(0x0000007b92100000,0x0000007b92200000)]
  0x000001d1529f3000 JavaThread "Cache worker for file content cache (C:\Users\fenil\.gradle\caches\6.7\fileContent)" [_thread_blocked, id=4952, stack(0x0000007b8bc00000,0x0000007b8bd00000)]
  0x000001d1529ef800 JavaThread "Cache worker for execution history cache (C:\Users\fenil\.gradle\caches\6.7\executionHistory)" [_thread_blocked, id=8620, stack(0x0000007b8bb00000,0x0000007b8bc00000)]
  0x000001d155c1c000 JavaThread "Cache worker for journal cache (C:\Users\fenil\.gradle\caches\journal-1)" [_thread_blocked, id=8088, stack(0x0000007b8a200000,0x0000007b8a300000)]
  0x000001d155c20800 JavaThread "File lock request listener" [_thread_in_native, id=1412, stack(0x0000007b8a100000,0x0000007b8a200000)]
  0x000001d155c1a800 JavaThread "Cache worker for file hash cache (C:\Users\fenil\.gradle\caches\6.7\fileHashes)" [_thread_blocked, id=2960, stack(0x0000007b8a000000,0x0000007b8a100000)]
  0x000001d152672000 JavaThread "Daemon periodic checks" [_thread_blocked, id=8212, stack(0x0000007b89900000,0x0000007b89a00000)]
  0x000001d151d1c000 JavaThread "Incoming local TCP Connector on port 49784" [_thread_in_native, id=6296, stack(0x0000007b89700000,0x0000007b89800000)]
  0x000001d154068800 JavaThread "Daemon health stats" [_thread_blocked, id=3900, stack(0x0000007b89400000,0x0000007b89500000)]
  0x000001d151c7a800 JavaThread "Service Thread" daemon [_thread_blocked, id=6324, stack(0x0000007b89200000,0x0000007b89300000)]
  0x000001d151bf1000 JavaThread "C1 CompilerThread1" daemon [_thread_blocked, id=828, stack(0x0000007b89100000,0x0000007b89200000)]
=>0x000001d151bee000 JavaThread "C2 CompilerThread0" daemon [_thread_in_native, id=1444, stack(0x0000007b89000000,0x0000007b89100000)]
  0x000001d151bff000 JavaThread "Attach Listener" daemon [_thread_blocked, id=1244, stack(0x0000007b88f00000,0x0000007b89000000)]
  0x000001d151bfc000 JavaThread "Signal Dispatcher" daemon [_thread_blocked, id=6592, stack(0x0000007b88e00000,0x0000007b88f00000)]
  0x000001d1516fe000 JavaThread "Finalizer" daemon [_thread_blocked, id=4960, stack(0x0000007b88d00000,0x0000007b88e00000)]
  0x000001d151be4000 JavaThread "Reference Handler" daemon [_thread_blocked, id=6400, stack(0x0000007b88c00000,0x0000007b88d00000)]
  0x000001d13c8ae000 JavaThread "main" [_thread_blocked, id=3836, stack(0x0000007b88800000,0x0000007b88900000)]

Other Threads:
  0x000001d151bc2800 VMThread [stack: 0x0000007b88b00000,0x0000007b88c00000] [id=1556]
  0x000001d151c7e800 WatcherThread [stack: 0x0000007b89300000,0x0000007b89400000] [id=6336]

VM state:not at safepoint (normal execution)

VM Mutex/Monitor currently owned by a thread: None

heap address: 0x00000000a0000000, size: 1536 MB, Compressed Oops mode: 32-bit
Narrow klass base: 0x0000000000000000, Narrow klass shift: 3
Compressed class space size: 1073741824 Address: 0x0000000100000000

Heap:
 PSYoungGen      total 480768K, used 45660K [0x00000000e0000000, 0x0000000100000000, 0x0000000100000000)
  eden space 440832K, 6% used [0x00000000e0000000,0x00000000e1deb2e0,0x00000000fae80000)
  from space 39936K, 37% used [0x00000000fae80000,0x00000000fbd2c040,0x00000000fd580000)
  to   space 38912K, 0% used [0x00000000fda00000,0x00000000fda00000,0x0000000100000000)
 ParOldGen       total 735232K, used 607948K [0x00000000a0000000, 0x00000000cce00000, 0x00000000e0000000)
  object space 735232K, 82% used [0x00000000a0000000,0x00000000c51b3180,0x00000000cce00000)
 Metaspace       used 147327K, capacity 163989K, committed 164096K, reserved 1191936K
  class space    used 19024K, capacity 21955K, committed 22016K, reserved 1048576K

Card table byte_map: [0x000001d14d600000,0x000001d14d910000] byte_map_base: 0x000001d14d100000

Marking Bits: (ParMarkBitMap*) 0x0000000056da4fb0
 Begin Bits: [0x000001d14db10000, 0x000001d14f310000)
 End Bits:   [0x000001d14f310000, 0x000001d150b10000)

Polling page: 0x000001d13c850000

CodeCache: size=245760Kb used=121693Kb max_used=122729Kb free=124066Kb
 bounds [0x000001d13e240000, 0x000001d145af0000, 0x000001d14d240000]
 total_blobs=33908 nmethods=32880 adapters=934
 compilation: enabled

Compilation events (10 events):
Event: 1919.316 Thread 0x000001d151bee000 nmethod 45948 0x000001d144c74690 code [0x000001d144c74820, 0x000001d144c74ca8]
Event: 1919.319 Thread 0x000001d151bee000 45988       4       java.util.HashMap::containsValue (80 bytes)
Event: 1919.323 Thread 0x000001d151bee000 nmethod 45988 0x000001d144900750 code [0x000001d1449008a0, 0x000001d144900a78]
Event: 1919.325 Thread 0x000001d151bee000 45853       4       com.android.tools.r8.s.b.o::d (40 bytes)
Event: 1919.330 Thread 0x000001d151bee000 nmethod 45853 0x000001d14475bfd0 code [0x000001d14475c120, 0x000001d14475c3b8]
Event: 1919.334 Thread 0x000001d151bee000 46021       4       com.android.tools.r8.ir.conversion.o::a (370 bytes)
Event: 1919.397 Thread 0x000001d151bee000 nmethod 46021 0x000001d144f2d790 code [0x000001d144f2da00, 0x000001d144f30110]
Event: 1919.400 Thread 0x000001d151bee000 45976 %     4       com.android.tools.r8.ir.regalloc.a::a @ 2118 (3992 bytes)
Event: 1919.495 Thread 0x000001d151bf1000 46025       2       com.android.tools.r8.s.b.j::a (14 bytes)
Event: 1919.496 Thread 0x000001d151bf1000 nmethod 46025 0x000001d144b53050 code [0x000001d144b531c0, 0x000001d144b533b0]

GC Heap History (10 events):
Event: 1915.100 GC heap before
{Heap before GC invocations=97 (full 8):
 PSYoungGen      total 466432K, used 442676K [0x00000000e0000000, 0x00000000ff880000, 0x0000000100000000)
  eden space 422400K, 100% used [0x00000000e0000000,0x00000000f9c80000,0x00000000f9c80000)
  from space 44032K, 46% used [0x00000000fcd80000,0x00000000fe14d2d8,0x00000000ff880000)
  to   space 47104K, 0% used [0x00000000f9c80000,0x00000000f9c80000,0x00000000fca80000)
 ParOldGen       total 735232K, used 592859K [0x00000000a0000000, 0x00000000cce00000, 0x00000000e0000000)
  object space 735232K, 80% used [0x00000000a0000000,0x00000000c42f6c10,0x00000000cce00000)
 Metaspace       used 147316K, capacity 163981K, committed 164096K, reserved 1191936K
  class space    used 19022K, capacity 21953K, committed 22016K, reserved 1048576K
Event: 1915.172 GC heap after
Heap after GC invocations=97 (full 8):
 PSYoungGen      total 469504K, used 21919K [0x00000000e0000000, 0x00000000ffe00000, 0x0000000100000000)
  eden space 422400K, 0% used [0x00000000e0000000,0x00000000e0000000,0x00000000f9c80000)
  from space 47104K, 46% used [0x00000000f9c80000,0x00000000fb1e7d40,0x00000000fca80000)
  to   space 44544K, 0% used [0x00000000fd280000,0x00000000fd280000,0x00000000ffe00000)
 ParOldGen       total 735232K, used 593891K [0x00000000a0000000, 0x00000000cce00000, 0x00000000e0000000)
  object space 735232K, 80% used [0x00000000a0000000,0x00000000c43f8c10,0x00000000cce00000)
 Metaspace       used 147316K, capacity 163981K, committed 164096K, reserved 1191936K
  class space    used 19022K, capacity 21953K, committed 22016K, reserved 1048576K
}
Event: 1916.161 GC heap before
{Heap before GC invocations=98 (full 8):
 PSYoungGen      total 469504K, used 444319K [0x00000000e0000000, 0x00000000ffe00000, 0x0000000100000000)
  eden space 422400K, 100% used [0x00000000e0000000,0x00000000f9c80000,0x00000000f9c80000)
  from space 47104K, 46% used [0x00000000f9c80000,0x00000000fb1e7d40,0x00000000fca80000)
  to   space 44544K, 0% used [0x00000000fd280000,0x00000000fd280000,0x00000000ffe00000)
 ParOldGen       total 735232K, used 593891K [0x00000000a0000000, 0x00000000cce00000, 0x00000000e0000000)
  object space 735232K, 80% used [0x00000000a0000000,0x00000000c43f8c10,0x00000000cce00000)
 Metaspace       used 147318K, capacity 163981K, committed 164096K, reserved 1191936K
  class space    used 19022K, capacity 21953K, committed 22016K, reserved 1048576K
Event: 1916.236 GC heap after
Heap after GC invocations=98 (full 8):
 PSYoungGen      total 472576K, used 20719K [0x00000000e0000000, 0x00000000ff980000, 0x0000000100000000)
  eden space 432640K, 0% used [0x00000000e0000000,0x00000000e0000000,0x00000000fa680000)
  from space 39936K, 51% used [0x00000000fd280000,0x00000000fe6bbd50,0x00000000ff980000)
  to   space 42496K, 0% used [0x00000000fa680000,0x00000000fa680000,0x00000000fd000000)
 ParOldGen       total 735232K, used 597551K [0x00000000a0000000, 0x00000000cce00000, 0x00000000e0000000)
  object space 735232K, 81% used [0x00000000a0000000,0x00000000c478bc30,0x00000000cce00000)
 Metaspace       used 147318K, capacity 163981K, committed 164096K, reserved 1191936K
  class space    used 19022K, capacity 21953K, committed 22016K, reserved 1048576K
}
Event: 1917.402 GC heap before
{Heap before GC invocations=99 (full 8):
 PSYoungGen      total 472576K, used 453359K [0x00000000e0000000, 0x00000000ff980000, 0x0000000100000000)
  eden space 432640K, 100% used [0x00000000e0000000,0x00000000fa680000,0x00000000fa680000)
  from space 39936K, 51% used [0x00000000fd280000,0x00000000fe6bbd50,0x00000000ff980000)
  to   space 42496K, 0% used [0x00000000fa680000,0x00000000fa680000,0x00000000fd000000)
 ParOldGen       total 735232K, used 597551K [0x00000000a0000000, 0x00000000cce00000, 0x00000000e0000000)
  object space 735232K, 81% used [0x00000000a0000000,0x00000000c478bc30,0x00000000cce00000)
 Metaspace       used 147320K, capacity 163981K, committed 164096K, reserved 1191936K
  class space    used 19022K, capacity 21953K, committed 22016K, reserved 1048576K
Event: 1917.438 GC heap after
Heap after GC invocations=99 (full 8):
 PSYoungGen      total 475136K, used 18928K [0x00000000e0000000, 0x00000000fff80000, 0x0000000100000000)
  eden space 432640K, 0% used [0x00000000e0000000,0x00000000e0000000,0x00000000fa680000)
  from space 42496K, 44% used [0x00000000fa680000,0x00000000fb8fc160,0x00000000fd000000)
  to   space 40960K, 0% used [0x00000000fd780000,0x00000000fd780000,0x00000000fff80000)
 ParOldGen       total 735232K, used 600677K [0x00000000a0000000, 0x00000000cce00000, 0x00000000e0000000)
  object space 735232K, 81% used [0x00000000a0000000,0x00000000c4a99470,0x00000000cce00000)
 Metaspace       used 147320K, capacity 163981K, committed 164096K, reserved 1191936K
  class space    used 19022K, capacity 21953K, committed 22016K, reserved 1048576K
}
Event: 1918.325 GC heap before
{Heap before GC invocations=100 (full 8):
 PSYoungGen      total 475136K, used 451568K [0x00000000e0000000, 0x00000000fff80000, 0x0000000100000000)
  eden space 432640K, 100% used [0x00000000e0000000,0x00000000fa680000,0x00000000fa680000)
  from space 42496K, 44% used [0x00000000fa680000,0x00000000fb8fc160,0x00000000fd000000)
  to   space 40960K, 0% used [0x00000000fd780000,0x00000000fd780000,0x00000000fff80000)
 ParOldGen       total 735232K, used 600677K [0x00000000a0000000, 0x00000000cce00000, 0x00000000e0000000)
  object space 735232K, 81% used [0x00000000a0000000,0x00000000c4a99470,0x00000000cce00000)
 Metaspace       used 147321K, capacity 163981K, committed 164096K, reserved 1191936K
  class space    used 19022K, capacity 21953K, committed 22016K, reserved 1048576K
Event: 1918.359 GC heap after
Heap after GC invocations=100 (full 8):
 PSYoungGen      total 478720K, used 16480K [0x00000000e0000000, 0x00000000ffc80000, 0x0000000100000000)
  eden space 440832K, 0% used [0x00000000e0000000,0x00000000e0000000,0x00000000fae80000)
  from space 37888K, 43% used [0x00000000fd780000,0x00000000fe798160,0x00000000ffc80000)
  to   space 39936K, 0% used [0x00000000fae80000,0x00000000fae80000,0x00000000fd580000)
 ParOldGen       total 735232K, used 604456K [0x00000000a0000000, 0x00000000cce00000, 0x00000000e0000000)
  object space 735232K, 82% used [0x00000000a0000000,0x00000000c4e4a000,0x00000000cce00000)
 Metaspace       used 147321K, capacity 163981K, committed 164096K, reserved 1191936K
  class space    used 19022K, capacity 21953K, committed 22016K, reserved 1048576K
}
Event: 1919.589 GC heap before
{Heap before GC invocations=101 (full 8):
 PSYoungGen      total 478720K, used 457312K [0x00000000e0000000, 0x00000000ffc80000, 0x0000000100000000)
  eden space 440832K, 100% used [0x00000000e0000000,0x00000000fae80000,0x00000000fae80000)
  from space 37888K, 43% used [0x00000000fd780000,0x00000000fe798160,0x00000000ffc80000)
  to   space 39936K, 0% used [0x00000000fae80000,0x00000000fae80000,0x00000000fd580000)
 ParOldGen       total 735232K, used 604456K [0x00000000a0000000, 0x00000000cce00000, 0x00000000e0000000)
  object space 735232K, 82% used [0x00000000a0000000,0x00000000c4e4a000,0x00000000cce00000)
 Metaspace       used 147327K, capacity 163989K, committed 164096K, reserved 1191936K
  class space    used 19024K, capacity 21955K, committed 22016K, reserved 1048576K
Event: 1919.630 GC heap after
Heap after GC invocations=101 (full 8):
 PSYoungGen      total 480768K, used 15024K [0x00000000e0000000, 0x0000000100000000, 0x0000000100000000)
  eden space 440832K, 0% used [0x00000000e0000000,0x00000000e0000000,0x00000000fae80000)
  from space 39936K, 37% used [0x00000000fae80000,0x00000000fbd2c040,0x00000000fd580000)
  to   space 38912K, 0% used [0x00000000fda00000,0x00000000fda00000,0x0000000100000000)
 ParOldGen       total 735232K, used 607948K [0x00000000a0000000, 0x00000000cce00000, 0x00000000e0000000)
  object space 735232K, 82% used [0x00000000a0000000,0x00000000c51b3180,0x00000000cce00000)
 Metaspace       used 147327K, capacity 163989K, committed 164096K, reserved 1191936K
  class space    used 19024K, capacity 21955K, committed 22016K, reserved 1048576K
}

Deoptimization events (10 events):
Event: 1914.784 Thread 0x000001d153547000 Uncommon trap: reason=unstable_if action=reinterpret pc=0x000001d14528cea0 method=com.android.tools.r8.ir.optimize.string.d.b(Lcom/android/tools/r8/s/b/X;)V @ 147
Event: 1915.964 Thread 0x000001d153547000 Uncommon trap: reason=unstable_if action=reinterpret pc=0x000001d145655ffc method=com.android.tools.r8.ir.conversion.Q.a(Lcom/android/tools/r8/s/b/X;Lcom/android/tools/r8/graph/n1;)V @ 2369
Event: 1916.386 Thread 0x000001d153547000 Uncommon trap: reason=unstable_if action=reinterpret pc=0x000001d1450b9004 method=com.android.tools.r8.s.b.l.a(Lcom/android/tools/r8/graph/f;Lcom/android/tools/r8/graph/n1;Lcom/android/tools/r8/s/b/k0$a;)Z @ 229
Event: 1916.551 Thread 0x000001d153547000 Uncommon trap: reason=unstable_if action=reinterpret pc=0x000001d14592b81c method=com.android.tools.r8.ir.optimize.l.k(Lcom/android/tools/r8/s/b/X;)Z @ 453
Event: 1916.591 Thread 0x000001d15c188000 Uncommon trap: reason=bimorphic action=maybe_recompile pc=0x000001d1443f1ac4 method=com.android.tools.r8.graph.f1.a(Ljava/util/function/Consumer;Lcom/android/tools/r8/graph/f0;)Lcom/android/tools/r8/utils/q1; @ 2
Event: 1916.591 Thread 0x000001d15c188000 Uncommon trap: reason=bimorphic action=maybe_recompile pc=0x000001d145956808 method=com.android.tools.r8.graph.d.traverseSuperTypes(Lcom/android/tools/r8/graph/C;Ljava/util/function/BiFunction;)Lcom/android/tools/r8/utils/q1; @ 42
Event: 1917.882 Thread 0x000001d153550800 Uncommon trap: reason=class_check action=maybe_recompile pc=0x000001d13f8a15d0 method=com.google.common.base.Joiner.toString(Ljava/lang/Object;)Ljava/lang/CharSequence; @ 6
Event: 1918.196 Thread 0x000001d153550800 Uncommon trap: reason=null_check action=make_not_entrant pc=0x000001d145a9c324 method=com.android.tools.r8.ir.optimize.e0.b(Lcom/android/tools/r8/s/b/o;)V @ 8
Event: 1919.107 Thread 0x000001d153547000 Uncommon trap: reason=class_check action=maybe_recompile pc=0x000001d144e75e34 method=com.android.tools.r8.ir.optimize.r.a(Lcom/android/tools/r8/s/b/X;Lcom/android/tools/r8/utils/n1;)V @ 414
Event: 1919.269 Thread 0x000001d153547000 Uncommon trap: reason=unstable_if action=reinterpret pc=0x000001d145aceb70 method=com.android.tools.r8.t.a.a.a.h.Z0.a(Ljava/lang/Object;I)I @ 98

Classes redefined (0 events):
No events

Internal exceptions (10 events):
Event: 1878.707 Thread 0x000001d15c188000 Exception <a 'java/lang/NullPointerException'> (0x00000000e51ffd18) thrown at [C:\jenkins\workspace\8-2-build-windows-amd64-cygwin\jdk8u261\295\hotspot\src\share\vm\runtime\sharedRuntime.cpp, line 605]
Event: 1879.522 Thread 0x000001d15c188000 Exception <a 'java/lang/NoSuchMethodError': java.lang.Object.a(Lcom/android/tools/r8/graph/k1;Lcom/android/tools/r8/graph/k1;)I> (0x00000000e6b22648) thrown at [C:\jenkins\workspace\8-2-build-windows-amd64-cygwin\jdk8u261\295\hotspot\src\share\vm\interpre
Event: 1879.933 Thread 0x000001d15c188000 Exception <a 'java/lang/IncompatibleClassChangeError': Found class java.lang.Object, but interface was expected> (0x00000000e8f436a8) thrown at [C:\jenkins\workspace\8-2-build-windows-amd64-cygwin\jdk8u261\295\hotspot\src\share\vm\interpreter\linkResolver
Event: 1883.967 Thread 0x000001d15c188000 Exception <a 'java/lang/IncompatibleClassChangeError': Found class java.lang.Object, but interface was expected> (0x00000000e29e5e80) thrown at [C:\jenkins\workspace\8-2-build-windows-amd64-cygwin\jdk8u261\295\hotspot\src\share\vm\interpreter\linkResolver
Event: 1887.243 Thread 0x000001d153550800 Exception <a 'java/lang/NoSuchMethodError': java.lang.Object.lambda$maxBy$1(Ljava/util/Comparator;Ljava/lang/Object;Ljava/lang/Object;)Ljava/lang/Object;> (0x00000000e1d7a308) thrown at [C:\jenkins\workspace\8-2-build-windows-amd64-cygwin\jdk8u261\295\hot
Event: 1891.164 Thread 0x000001d153547000 Exception <a 'java/lang/IncompatibleClassChangeError': Found class java.lang.Object, but interface was expected> (0x00000000f46d6b48) thrown at [C:\jenkins\workspace\8-2-build-windows-amd64-cygwin\jdk8u261\295\hotspot\src\share\vm\interpreter\linkResolver
Event: 1891.744 Thread 0x000001d153547000 Implicit null exception at 0x000001d145471c70 to 0x000001d1454766d5
Event: 1897.752 Thread 0x000001d153547000 Implicit null exception at 0x000001d143df02f5 to 0x000001d143df043a
Event: 1904.489 Thread 0x000001d15c188000 Implicit null exception at 0x000001d144a0fc6b to 0x000001d144a11079
Event: 1918.196 Thread 0x000001d153550800 Implicit null exception at 0x000001d145a94c88 to 0x000001d145a9c30d

Events (10 events):
Event: 1919.524 Thread 0x000001d153550800 DEOPT PACKING pc=0x000001d1450a0fa1 sp=0x0000007b8b7fe940
Event: 1919.524 Thread 0x000001d153550800 DEOPT UNPACKING pc=0x000001d13e287498 sp=0x0000007b8b7fe810 mode 0
Event: 1919.545 Thread 0x000001d153550800 DEOPT PACKING pc=0x000001d1450a0fa1 sp=0x0000007b8b7fe940
Event: 1919.545 Thread 0x000001d153550800 DEOPT UNPACKING pc=0x000001d13e287498 sp=0x0000007b8b7fe810 mode 0
Event: 1919.558 Thread 0x000001d153547000 DEOPT PACKING pc=0x000001d144f8c940 sp=0x0000007b8a6fe260
Event: 1919.558 Thread 0x000001d153547000 DEOPT UNPACKING pc=0x000001d13e287498 sp=0x0000007b8a6fe2b8 mode 0
Event: 1919.568 Thread 0x000001d153547000 DEOPT PACKING pc=0x000001d1450a108d sp=0x0000007b8a6fe7e0
Event: 1919.568 Thread 0x000001d153547000 DEOPT UNPACKING pc=0x000001d13e287498 sp=0x0000007b8a6fe6b0 mode 0
Event: 1919.583 Executing VM operation: ParallelGCFailedAllocation
Event: 1919.630 Executing VM operation: ParallelGCFailedAllocation done


Dynamic libraries:
0x00007ff7c4710000 - 0x00007ff7c4757000 	C:\Program Files\Java\jdk1.8.0_261\bin\java.exe
0x00007ffe93610000 - 0x00007ffe93805000 	C:\Windows\SYSTEM32\ntdll.dll
0x00007ffe92bb0000 - 0x00007ffe92c6e000 	C:\Windows\System32\KERNEL32.DLL
0x00007ffe90e30000 - 0x00007ffe910f8000 	C:\Windows\System32\KERNELBASE.dll
0x00007ffe92740000 - 0x00007ffe927ec000 	C:\Windows\System32\ADVAPI32.dll
0x00007ffe92ec0000 - 0x00007ffe92f5e000 	C:\Windows\System32\msvcrt.dll
0x00007ffe91a50000 - 0x00007ffe91aeb000 	C:\Windows\System32\sechost.dll
0x00007ffe92920000 - 0x00007ffe92a4a000 	C:\Windows\System32\RPCRT4.dll
0x00007ffe92d10000 - 0x00007ffe92eb1000 	C:\Windows\System32\USER32.dll
0x00007ffe91310000 - 0x00007ffe91332000 	C:\Windows\System32\win32u.dll
0x00007ffe92230000 - 0x00007ffe9225b000 	C:\Windows\System32\GDI32.dll
0x00007ffe91550000 - 0x00007ffe9165b000 	C:\Windows\System32\gdi32full.dll
0x00007ffe914b0000 - 0x00007ffe9154d000 	C:\Windows\System32\msvcp_win.dll
0x00007ffe90d30000 - 0x00007ffe90e30000 	C:\Windows\System32\ucrtbase.dll
0x00007ffe7f560000 - 0x00007ffe7f7fa000 	C:\Windows\WinSxS\amd64_microsoft.windows.common-controls_6595b64144ccf1df_6.0.19041.1110_none_60b5254171f9507e\COMCTL32.dll
0x00007ffe91a20000 - 0x00007ffe91a50000 	C:\Windows\System32\IMM32.DLL
0x00007ffe7c490000 - 0x00007ffe7c4a5000 	C:\Program Files\Java\jdk1.8.0_261\jre\bin\vcruntime140.dll
0x00007ffe69a20000 - 0x00007ffe69abb000 	C:\Program Files\Java\jdk1.8.0_261\jre\bin\msvcp140.dll
0x00000000565b0000 - 0x0000000056e1c000 	C:\Program Files\Java\jdk1.8.0_261\jre\bin\server\jvm.dll
0x00007ffe91660000 - 0x00007ffe91668000 	C:\Windows\System32\PSAPI.DLL
0x00007ffe7e1c0000 - 0x00007ffe7e1c9000 	C:\Windows\SYSTEM32\WSOCK32.dll
0x00007ffe925c0000 - 0x00007ffe9262b000 	C:\Windows\System32\WS2_32.dll
0x00007ffe7f4c0000 - 0x00007ffe7f4e7000 	C:\Windows\SYSTEM32\WINMM.dll
0x00007ffe854a0000 - 0x00007ffe854aa000 	C:\Windows\SYSTEM32\VERSION.dll
0x00007ffe8ec50000 - 0x00007ffe8ec62000 	C:\Windows\SYSTEM32\kernel.appcore.dll
0x00007ffe7c480000 - 0x00007ffe7c490000 	C:\Program Files\Java\jdk1.8.0_261\jre\bin\verify.dll
0x00007ffe69c10000 - 0x00007ffe69c3b000 	C:\Program Files\Java\jdk1.8.0_261\jre\bin\java.dll
0x00007ffe69a00000 - 0x00007ffe69a18000 	C:\Program Files\Java\jdk1.8.0_261\jre\bin\zip.dll
0x00007ffe91af0000 - 0x00007ffe9222f000 	C:\Windows\System32\SHELL32.dll
0x00007ffe8ee50000 - 0x00007ffe8f5e0000 	C:\Windows\SYSTEM32\windows.storage.dll
0x00007ffe92260000 - 0x00007ffe925b5000 	C:\Windows\System32\combase.dll
0x00007ffe906b0000 - 0x00007ffe906de000 	C:\Windows\SYSTEM32\Wldp.dll
0x00007ffe92630000 - 0x00007ffe926dd000 	C:\Windows\System32\SHCORE.dll
0x00007ffe926e0000 - 0x00007ffe92735000 	C:\Windows\System32\shlwapi.dll
0x00007ffe90c70000 - 0x00007ffe90c8f000 	C:\Windows\SYSTEM32\profapi.dll
0x00007ffe58e60000 - 0x00007ffe58e7c000 	C:\Program Files\Java\jdk1.8.0_261\jre\bin\net.dll
0x00007ffe90410000 - 0x00007ffe9047a000 	C:\Windows\system32\mswsock.dll
0x00007ffe58e40000 - 0x00007ffe58e53000 	C:\Program Files\Java\jdk1.8.0_261\jre\bin\nio.dll
0x00007ffe69850000 - 0x00007ffe69877000 	C:\Users\fenil\.gradle\native\fdc75f09e3144964f2cf3f50f0aa648679c211496f362492102eb8c894070792\windows-amd64\native-platform.dll
0x00007ffe594a0000 - 0x00007ffe59636000 	C:\Users\fenil\.gradle\native\12488b8bf47d2d4c9fbf2f6322a914ad602e24e48041cd04a747c6da556b65c4\windows-amd64\native-platform-file-events.dll
0x00007ffe8b3b0000 - 0x00007ffe8b3bd000 	C:\Program Files\Java\jdk1.8.0_261\jre\bin\management.dll
0x00007ffe90610000 - 0x00007ffe90628000 	C:\Windows\SYSTEM32\CRYPTSP.dll
0x00007ffe8fd90000 - 0x00007ffe8fdc4000 	C:\Windows\system32\rsaenh.dll
0x00007ffe91480000 - 0x00007ffe914a7000 	C:\Windows\System32\bcrypt.dll
0x00007ffe90bf0000 - 0x00007ffe90c1e000 	C:\Windows\SYSTEM32\USERENV.dll
0x00007ffe91340000 - 0x00007ffe913c3000 	C:\Windows\System32\bcryptprimitives.dll
0x00007ffe90600000 - 0x00007ffe9060c000 	C:\Windows\SYSTEM32\CRYPTBASE.dll
0x00007ffe90100000 - 0x00007ffe9013b000 	C:\Windows\SYSTEM32\IPHLPAPI.DLL
0x00007ffe92910000 - 0x00007ffe92918000 	C:\Windows\System32\NSI.dll
0x00007ffe8a960000 - 0x00007ffe8a977000 	C:\Windows\SYSTEM32\dhcpcsvc6.DLL
0x00007ffe8a760000 - 0x00007ffe8a77d000 	C:\Windows\SYSTEM32\dhcpcsvc.DLL
0x00007ffe90140000 - 0x00007ffe9020b000 	C:\Windows\SYSTEM32\DNSAPI.dll
0x00007ffe8a980000 - 0x00007ffe8a98b000 	C:\Windows\SYSTEM32\WINNSI.DLL
0x00007ffe873a0000 - 0x00007ffe873c4000 	C:\Program Files\Java\jdk1.8.0_261\jre\bin\sunec.dll
0x00007ffe8a360000 - 0x00007ffe8a36a000 	C:\Windows\System32\rasadhlp.dll
0x00007ffe86af0000 - 0x00007ffe86b6f000 	C:\Windows\System32\fwpuclnt.dll
0x00007ffe87390000 - 0x00007ffe8739d000 	C:\Program Files\Java\jdk1.8.0_261\jre\bin\sunmscapi.dll
0x00007ffe911b0000 - 0x00007ffe91306000 	C:\Windows\System32\CRYPT32.dll
0x00007ffe90720000 - 0x00007ffe90747000 	C:\Windows\SYSTEM32\ncrypt.dll
0x00007ffe906e0000 - 0x00007ffe9071b000 	C:\Windows\SYSTEM32\NTASN1.dll
0x00007ffe8fa60000 - 0x00007ffe8fa93000 	C:\Windows\SYSTEM32\ntmarta.dll
0x00007ffe7e5a0000 - 0x00007ffe7e5be000 	C:\Users\fenil\AppData\Local\Temp\native-platform7857093173013801244dir\native-platform.dll
0x00007ffe80a40000 - 0x00007ffe80c24000 	C:\Windows\SYSTEM32\dbghelp.dll

VM Arguments:
jvm_args: -Xmx1536M -Dfile.encoding=windows-1252 -Duser.country=US -Duser.language=en -Duser.variant 
java_command: org.gradle.launcher.daemon.bootstrap.GradleDaemon 6.7
java_class_path (initial): C:\Users\fenil\.gradle\wrapper\dists\gradle-6.7-all\cuy9mc7upwgwgeb72wkcrupxe\gradle-6.7\lib\gradle-launcher-6.7.jar
Launcher Type: SUN_STANDARD

Environment Variables:
JAVA_HOME=C:\Program Files\Java\jdk1.8.0_261\bin
PATH=C:\Program Files\Common Files\Oracle\Java\javapath;C:\Program Files (x86)\Common Files\Oracle\Java\javapath;C:\Windows\system32;C:\Windows;C:\Windows\System32\Wbem;C:\Windows\System32\WindowsPowerShell\v1.0\;C:\Windows\System32\OpenSSH\;C:\Program Files\Git\cmd;C:\flutter\bin;C:\Program Files\Java\jdk1.8.0_261\bin;C:\Program Files\Java\jre1.8.0_281\bin;C:\Users\fenil\AppData\Local\Android\Sdk\platform-tools;C:\GMITS\downloads\platform-tools_r31.0.2-windows\platform-tools;C:\Program Files\nodejs\;C:\Program Files\Java\jdk-11.0.13\bin;C:\Users\fenil\AppData\Local\Microsoft\WindowsApps;C:\Users\fenil\AppData\Local\Programs\Microsoft VS Code\bin;C:\Users\fenil\AppData\Roaming\npm;C:\Program Files\Java\jdk1.8.0_261\bin;
USERNAME=fenil
OS=Windows_NT
PROCESSOR_IDENTIFIER=Intel64 Family 6 Model 60 Stepping 3, GenuineIntel



---------------  S Y S T E M  ---------------

OS: Windows 10.0 , 64 bit Build 19041 (10.0.19041.1348)

CPU:total 2 (initial active 2) (2 cores per cpu, 1 threads per core) family 6 model 60 stepping 3, cmov, cx8, fxsr, mmx, sse, sse2, sse3, ssse3, sse4.1, sse4.2, popcnt, clmul, erms, lzcnt, tsc, tscinvbit

Memory: 4k page, physical 10358100k(282184k free), swap 24939096k(4420k free)

vm_info: Java HotSpot(TM) 64-Bit Server VM (25.261-b12) for windows-amd64 JRE (1.8.0_261-b12), built on Jun 18 2020 06:56:32 by "" with unknown MS VC++:1916

time: Thu Nov 18 15:25:13 2021
timezone: India Standard Time
elapsed time: 1919 seconds (0d 0h 31m 59s)

